<?xml version="1.0" encoding="UTF-8"?>
<!-- Generated by org.testng.reporters.JUnitReportReporter -->
<testsuite hostname="DESKTOP-4CBTSJA" failures="0" tests="1" name="automation.tests.HomePageTestCases" time="52.946" errors="0" timestamp="23 Jun 2024 04:33:09 GMT" skipped="0">
  <testcase classname="automation.tests.HomePageTestCases" name="homePageArrivalsImagesDescription" time="52.946"/>
</testsuite> <!-- automation.tests.HomePageTestCases -->
