<?xml version="1.0" encoding="UTF-8"?>
<!-- Generated by org.testng.reporters.JUnitReportReporter -->
<testsuite hostname="DESKTOP-4CBTSJA" failures="0" tests="1" name="automation.tests.SampleTest" time="7.052" errors="0" timestamp="24 Jun 2024 05:57:39 GMT" skipped="0">
  <testcase classname="automation.tests.SampleTest" name="landOnHomePage" time="7.052"/>
</testsuite> <!-- automation.tests.SampleTest -->
