<?xml version="1.0" encoding="UTF-8"?>
<!-- Generated by org.testng.reporters.JUnitReportReporter -->
<testsuite hostname="DESKTOP-4CBTSJA" failures="0" tests="4" name="automation.tests.HomePageTestCases" time="111.384" errors="0" timestamp="24 Jun 2024 05:57:39 GMT" skipped="0">
  <testcase classname="automation.tests.HomePageTestCases" name="homePageArrivalsImagesDescription" time="66.395"/>
  <testcase classname="automation.tests.HomePageTestCases" name="homePageImagesInArrivalsShouldNavigate" time="26.528"/>
  <testcase classname="automation.tests.HomePageTestCases" name="homePageWithThreeSlidersOnly" time="9.422"/>
  <testcase classname="automation.tests.HomePageTestCases" name="homePageWithArrivalsOnly" time="9.039"/>
</testsuite> <!-- automation.tests.HomePageTestCases -->
